<?xml version="1.0" encoding="UTF-8"?>
<!-- Generated by org.testng.reporters.JUnitReportReporter -->
<testsuite hostname="admin-HP" name="org.testing.TestScripts.TC2" tests="1" failures="0" timestamp="13 Mar 2020 07:57:51 GMT" time="20.100" errors="0">
  <testcase name="Subscription" time="20.100" classname="org.testing.TestScripts.TC2"/>
</testsuite> <!-- org.testing.TestScripts.TC2 -->
