<?xml version="1.0" encoding="UTF-8"?>
<!-- Generated by org.testng.reporters.JUnitReportReporter -->
<testsuite hostname="admin-HP" name="org.testing.TestScripts.TC4" tests="1" failures="0" timestamp="16 Mar 2020 06:08:01 GMT" time="24.530" errors="0">
  <testcase name="videoplay_subscribe" time="24.530" classname="org.testing.TestScripts.TC4"/>
</testsuite> <!-- org.testing.TestScripts.TC4 -->
