<?xml version="1.0" encoding="UTF-8"?>
<!-- Generated by org.testng.reporters.JUnitReportReporter -->
<testsuite hostname="admin-HP" name="org.testing.TestScripts.TC1" tests="1" failures="0" timestamp="13 Mar 2020 07:57:51 GMT" time="43.699" errors="0">
  <testcase name="Trending" time="43.699" classname="org.testing.TestScripts.TC1"/>
</testsuite> <!-- org.testing.TestScripts.TC1 -->
