<?xml version="1.0" encoding="UTF-8"?>
<!-- Generated by org.testng.reporters.JUnitReportReporter -->
<testsuite hostname="admin-HP" name="org.testing.TestScripts.TC6" tests="1" failures="0" timestamp="13 Mar 2020 07:57:52 GMT" time="32.394" errors="0">
  <testcase name="liBRARY" time="32.394" classname="org.testing.TestScripts.TC6"/>
</testsuite> <!-- org.testing.TestScripts.TC6 -->
