<?xml version="1.0" encoding="UTF-8"?>
<!-- Generated by org.testng.reporters.JUnitReportReporter -->
<testsuite hostname="admin-HP" name="org.testing.TestScripts.TC5" tests="1" failures="0" timestamp="13 Mar 2020 07:57:52 GMT" time="31.912" errors="0">
  <testcase name="History" time="31.912" classname="org.testing.TestScripts.TC5"/>
</testsuite> <!-- org.testing.TestScripts.TC5 -->
